[debug] [2021-09-12T04:05:12.783Z] ----------------------------------------------------------------------
[debug] [2021-09-12T04:05:12.785Z] Command:       C:\Program Files\nodejs\node.exe C:\Users\ITCOM4U\AppData\Roaming\npm\node_modules\firebase-tools\lib\bin\firebase.js init
[debug] [2021-09-12T04:05:12.785Z] CLI Version:   9.18.0
[debug] [2021-09-12T04:05:12.786Z] Platform:      win32
[debug] [2021-09-12T04:05:12.786Z] Node Version:  v14.17.3
[debug] [2021-09-12T04:05:12.787Z] Time:          Sun Sep 12 2021 11:05:12 GMT+0700 (Indochina Time)
[debug] [2021-09-12T04:05:12.787Z] ----------------------------------------------------------------------
[debug] 
[debug] [2021-09-12T04:05:12.795Z] > command requires scopes: ["email","openid","https://www.googleapis.com/auth/cloudplatformprojects.readonly","https://www.googleapis.com/auth/firebase","https://www.googleapis.com/auth/cloud-platform"]
[debug] [2021-09-12T04:05:12.795Z] > authorizing via signed-in user (lotcasinonline@gmail.com)
[info] 
     ######## #### ########  ######## ########     ###     ######  ########
     ##        ##  ##     ## ##       ##     ##  ##   ##  ##       ##
     ######    ##  ########  ######   ########  #########  ######  ######
     ##        ##  ##    ##  ##       ##     ## ##     ##       ## ##
     ##       #### ##     ## ######## ########  ##     ##  ######  ########

You're about to initialize a Firebase project in this directory:

  C:\Users\ITCOM4U\Desktop\IdeaProjects\chatbot-demo

[info] 
=== Project Setup
[info] 
[info] First, let's associate this project directory with a Firebase project.
[info] You can create multiple project aliases by running firebase use --add, 
[info] but for now we'll just set up a default project.
[info] 
[debug] [2021-09-12T04:09:40.122Z] >>> [apiv2][query] GET https://firebase.googleapis.com/v1beta1/projects pageSize=100
[debug] [2021-09-12T04:09:41.041Z] <<< [apiv2][status] GET https://firebase.googleapis.com/v1beta1/projects 200
[debug] [2021-09-12T04:09:41.041Z] <<< [apiv2][body] GET https://firebase.googleapis.com/v1beta1/projects [omitted]
[info] i  Using project chatbot-demo-629fe (chatbot-demo) 
[info] 
=== Hosting Setup
[info] 
[info] Your public directory is the folder (relative to your project directory) that
[info] will contain Hosting assets to be uploaded with firebase deploy. If you
[info] have a build process for your assets, use your build's output directory.
[info] 
[debug] [2021-09-12T04:11:42.694Z] >>> [apiv2][query] GET https://www.gstatic.com/firebasejs/releases.json [none]
[debug] [2021-09-12T04:11:43.006Z] <<< [apiv2][status] GET https://www.gstatic.com/firebasejs/releases.json 200
[debug] [2021-09-12T04:11:43.007Z] <<< [apiv2][body] GET https://www.gstatic.com/firebasejs/releases.json {"current":{"version":"9.0.2","browserURL":"https://www.gstatic.com/firebasejs/9.0.2/firebase.js","packageURL":"https://www.gstatic.com/firebasejs/9.0.2/firebase.tgz"},"live":{"version":"9.0","browserURL":"https://www.gstatic.com/firebasejs/live/9.0/firebase.js","packageURL":"https://www.gstatic.com/firebasejs/live/9.0/firebase.tgz"},"components":{"analytics":"https://www.gstatic.com/firebasejs/9.0.2/firebase-analytics.js","app":"https://www.gstatic.com/firebasejs/9.0.2/firebase-app.js","app-check":"https://www.gstatic.com/firebasejs/9.0.2/firebase-app-check.js","auth":"https://www.gstatic.com/firebasejs/9.0.2/firebase-auth.js","auth/cordova":"https://www.gstatic.com/firebasejs/9.0.2/firebase-auth/cordova.js","auth/react-native":"https://www.gstatic.com/firebasejs/9.0.2/firebase-auth/react-native.js","functions":"https://www.gstatic.com/firebasejs/9.0.2/firebase-functions.js","firestore":"https://www.gstatic.com/firebasejs/9.0.2/firebase-firestore.js","firestore/lite":"https://www.gstatic.com/firebasejs/9.0.2/firebase-firestore/lite.js","storage":"https://www.gstatic.com/firebasejs/9.0.2/firebase-storage.js","performance":"https://www.gstatic.com/firebasejs/9.0.2/firebase-performance.js","remote-config":"https://www.gstatic.com/firebasejs/9.0.2/firebase-remote-config.js","messaging":"https://www.gstatic.com/firebasejs/9.0.2/firebase-messaging.js","messaging/sw":"https://www.gstatic.com/firebasejs/9.0.2/firebase-messaging/sw.js","database":"https://www.gstatic.com/firebasejs/9.0.2/firebase-database.js","firestore.memory":"https://www.gstatic.com/firebasejs/9.0.2/firebase-firestore.memory.js"}}
[info] +  Wrote build/index.html 
[info] 
=== Hosting:github Setup
[info] 
[info] i  Didn't detect a .git folder. Assuming C:\Users\ITCOM4U\Desktop\IdeaProjects\chatbot-demo is the project root. 
[info] i  Authorizing with GitHub to upload your service account to a GitHub repository's secrets store. 
[info] 
[info] Visit this URL on this device to log in:
[info] https://github.com/login/oauth/authorize?client_id=89cf50f02ac6aaed3484&state=626102569&redirect_uri=http%3A%2F%2Flocalhost%3A9006&scope=read%3Auser%20repo%20public_repo
[info] 
[info] Waiting for authentication...
[debug] [2021-09-12T04:13:42.514Z] >>> HTTP REQUEST POST https://github.com/login/oauth/access_token  
 {"client_id":"89cf50f02ac6aaed3484","client_secret":"3330d14abc895d9a74d5f17cd7a00711fa2c5bf0","code":"892c169abebbc50baab5","redirect_uri":"http://localhost:9006","state":"626102569"}
[debug] [2021-09-12T04:13:43.116Z] <<< HTTP RESPONSE 200 {"server":"GitHub.com","date":"Sun, 12 Sep 2021 04:15:39 GMT","content-type":"application/json; charset=utf-8","transfer-encoding":"chunked","vary":"X-PJAX, X-PJAX-Container, Accept-Encoding, Accept, X-Requested-With","permissions-policy":"interest-cohort=()","etag":"W/\"04c84d1e91cb41a13504f7da924344e3\"","cache-control":"max-age=0, private, must-revalidate","strict-transport-security":"max-age=31536000; includeSubdomains; preload","x-frame-options":"deny","x-content-type-options":"nosniff","x-xss-protection":"0","referrer-policy":"origin-when-cross-origin, strict-origin-when-cross-origin","expect-ct":"max-age=2592000, report-uri=\"https://api.github.com/_private/browser/errors\"","content-security-policy":"default-src 'none'; base-uri 'self'; block-all-mixed-content; connect-src 'self' uploads.github.com www.githubstatus.com collector.githubapp.com api.github.com github-cloud.s3.amazonaws.com github-production-repository-file-5c1aeb.s3.amazonaws.com github-production-upload-manifest-file-7fdce7.s3.amazonaws.com github-production-user-asset-6210df.s3.amazonaws.com cdn.optimizely.com logx.optimizely.com/v1/events translator.github.com wss://alive.github.com; font-src github.githubassets.com; form-action 'self' github.com gist.github.com; frame-ancestors 'none'; frame-src render.githubusercontent.com viewscreen.githubusercontent.com; img-src 'self' data: github.githubassets.com identicons.github.com collector.githubapp.com github-cloud.s3.amazonaws.com secured-user-images.githubusercontent.com/ *.githubusercontent.com; manifest-src 'self'; media-src github.com user-images.githubusercontent.com/; script-src github.githubassets.com; style-src 'unsafe-inline' github.githubassets.com; worker-src github.com/socket-worker-7c2abeb0.js gist.github.com/socket-worker-7c2abeb0.js","x-github-request-id":"1488:58B7:B75B0:102C23:613D7EEB"}
[debug] [2021-09-12T04:13:43.129Z] >>> [apiv2][query] GET https://api.github.com/user [none]
[debug] [2021-09-12T04:13:43.891Z] <<< [apiv2][status] GET https://api.github.com/user 200
[debug] [2021-09-12T04:13:43.891Z] <<< [apiv2][body] GET https://api.github.com/user {"login":"lotcasinonline","id":90537222,"node_id":"MDQ6VXNlcjkwNTM3MjIy","avatar_url":"https://avatars.githubusercontent.com/u/90537222?v=4","gravatar_id":"","url":"https://api.github.com/users/lotcasinonline","html_url":"https://github.com/lotcasinonline","followers_url":"https://api.github.com/users/lotcasinonline/followers","following_url":"https://api.github.com/users/lotcasinonline/following{/other_user}","gists_url":"https://api.github.com/users/lotcasinonline/gists{/gist_id}","starred_url":"https://api.github.com/users/lotcasinonline/starred{/owner}{/repo}","subscriptions_url":"https://api.github.com/users/lotcasinonline/subscriptions","organizations_url":"https://api.github.com/users/lotcasinonline/orgs","repos_url":"https://api.github.com/users/lotcasinonline/repos","events_url":"https://api.github.com/users/lotcasinonline/events{/privacy}","received_events_url":"https://api.github.com/users/lotcasinonline/received_events","type":"User","site_admin":false,"name":null,"company":null,"blog":"","location":null,"email":null,"hireable":null,"bio":null,"twitter_username":null,"public_repos":0,"public_gists":0,"followers":0,"following":0,"created_at":"2021-09-12T01:49:28Z","updated_at":"2021-09-12T01:49:28Z","private_gists":0,"total_private_repos":0,"owned_private_repos":0,"disk_usage":0,"collaborators":0,"two_factor_authentication":false,"plan":{"name":"free","space":976562499,"collaborators":0,"private_repos":10000}}
[info] 
[info] +  Success! Logged into GitHub as lotcasinonline 
[info] 
[debug] [2021-09-12T04:14:07.493Z] >>> [apiv2][query] GET https://api.github.com/repos//actions/secrets/public-key type=owner
[debug] [2021-09-12T04:14:07.999Z] >>> [apiv2][query] GET https://api.github.com/repos//actions/secrets/public-key type=owner
[debug] [2021-09-12T04:14:08.062Z] <<< [apiv2][status] GET https://api.github.com/repos//actions/secrets/public-key 404
[debug] [2021-09-12T04:14:08.062Z] <<< [apiv2][body] GET https://api.github.com/repos//actions/secrets/public-key {"message":"Not Found","documentation_url":"https://docs.github.com/rest"}
[debug] [2021-09-12T04:14:08.633Z] <<< [apiv2][status] GET https://api.github.com/repos//actions/secrets/public-key 404
[debug] [2021-09-12T04:14:08.633Z] <<< [apiv2][body] GET https://api.github.com/repos//actions/secrets/public-key {"message":"Not Found","documentation_url":"https://docs.github.com/rest"}
[debug] [2021-09-12T04:14:14.587Z] >>> [apiv2][query] GET https://api.github.com/repos/user/actions/secrets/public-key type=owner
[debug] [2021-09-12T04:14:15.029Z] <<< [apiv2][status] GET https://api.github.com/repos/user/actions/secrets/public-key 404
[debug] [2021-09-12T04:14:15.029Z] <<< [apiv2][body] GET https://api.github.com/repos/user/actions/secrets/public-key {"message":"Not Found","documentation_url":"https://docs.github.com/rest"}
[debug] [2021-09-12T04:14:27.373Z] >>> [apiv2][query] GET https://api.github.com/repos//actions/secrets/public-key type=owner
[debug] [2021-09-12T04:14:27.886Z] <<< [apiv2][status] GET https://api.github.com/repos//actions/secrets/public-key 404
[debug] [2021-09-12T04:14:27.887Z] <<< [apiv2][body] GET https://api.github.com/repos//actions/secrets/public-key {"message":"Not Found","documentation_url":"https://docs.github.com/rest"}
[debug] [2021-09-12T04:14:35.938Z] >>> [apiv2][query] GET https://api.github.com/repos//actions/secrets/public-key type=owner
[debug] [2021-09-12T04:14:36.401Z] <<< [apiv2][status] GET https://api.github.com/repos//actions/secrets/public-key 404
[debug] [2021-09-12T04:14:36.401Z] <<< [apiv2][body] GET https://api.github.com/repos//actions/secrets/public-key {"message":"Not Found","documentation_url":"https://docs.github.com/rest"}
[debug] [2021-09-12T04:17:00.999Z] >>> [apiv2][query] GET https://api.github.com/repos/hulala/actions/secrets/public-key type=owner
[debug] [2021-09-12T04:17:01.512Z] <<< [apiv2][status] GET https://api.github.com/repos/hulala/actions/secrets/public-key 404
[debug] [2021-09-12T04:17:01.512Z] <<< [apiv2][body] GET https://api.github.com/repos/hulala/actions/secrets/public-key {"message":"Not Found","documentation_url":"https://docs.github.com/rest"}
[debug] [2021-09-12T04:32:44.414Z] >>> [apiv2][query] GET https://api.github.com/repos/https://github.com/lotcasinonline/test.git/actions/secrets/public-key type=owner
[debug] [2021-09-12T04:32:45.264Z] <<< [apiv2][status] GET https://api.github.com/repos/https://github.com/lotcasinonline/test.git/actions/secrets/public-key 404
[debug] [2021-09-12T04:32:45.264Z] <<< [apiv2][body] GET https://api.github.com/repos/https://github.com/lotcasinonline/test.git/actions/secrets/public-key {"message":"Not Found","documentation_url":"https://docs.github.com/rest"}
[debug] [2021-09-12T04:32:53.895Z] >>> [apiv2][query] GET https://api.github.com/repos/https://github.com/lotcasinonline/test.git/actions/secrets/public-key type=owner
[debug] [2021-09-12T04:32:54.330Z] <<< [apiv2][status] GET https://api.github.com/repos/https://github.com/lotcasinonline/test.git/actions/secrets/public-key 404
[debug] [2021-09-12T04:32:54.331Z] <<< [apiv2][body] GET https://api.github.com/repos/https://github.com/lotcasinonline/test.git/actions/secrets/public-key {"message":"Not Found","documentation_url":"https://docs.github.com/rest"}
[debug] [2021-09-12T04:33:03.592Z] >>> [apiv2][query] GET https://api.github.com/repos/HTTPS/actions/secrets/public-key type=owner
[debug] [2021-09-12T04:33:04.007Z] >>> [apiv2][query] GET https://api.github.com/repos//actions/secrets/public-key type=owner
[debug] [2021-09-12T04:33:04.106Z] <<< [apiv2][status] GET https://api.github.com/repos/HTTPS/actions/secrets/public-key 404
[debug] [2021-09-12T04:33:04.106Z] <<< [apiv2][body] GET https://api.github.com/repos/HTTPS/actions/secrets/public-key {"message":"Not Found","documentation_url":"https://docs.github.com/rest"}
[debug] [2021-09-12T04:33:04.528Z] <<< [apiv2][status] GET https://api.github.com/repos//actions/secrets/public-key 404
[debug] [2021-09-12T04:33:04.529Z] <<< [apiv2][body] GET https://api.github.com/repos//actions/secrets/public-key {"message":"Not Found","documentation_url":"https://docs.github.com/rest"}
[debug] [2021-09-12T04:33:09.004Z] >>> [apiv2][query] GET https://api.github.com/repos/HTTPS/actions/secrets/public-key type=owner
[debug] [2021-09-12T04:33:09.507Z] <<< [apiv2][status] GET https://api.github.com/repos/HTTPS/actions/secrets/public-key 404
[debug] [2021-09-12T04:33:09.507Z] <<< [apiv2][body] GET https://api.github.com/repos/HTTPS/actions/secrets/public-key {"message":"Not Found","documentation_url":"https://docs.github.com/rest"}
[debug] [2021-09-12T04:33:11.808Z] >>> [apiv2][query] GET https://api.github.com/repos/https://github.com/lotcasinonline/test.git/actions/secrets/public-key type=owner
[debug] [2021-09-12T04:33:12.406Z] <<< [apiv2][status] GET https://api.github.com/repos/https://github.com/lotcasinonline/test.git/actions/secrets/public-key 404
[debug] [2021-09-12T04:33:12.406Z] <<< [apiv2][body] GET https://api.github.com/repos/https://github.com/lotcasinonline/test.git/actions/secrets/public-key {"message":"Not Found","documentation_url":"https://docs.github.com/rest"}
